# JRE version: OpenJDK Runtime Environment Temurin-21.0.7+6 (21.0.7+6) (build 21.0.7+6-LTS)
# Java VM: OpenJDK 64-Bit Server VM Temurin-21.0.7+6 (21.0.7+6-LTS, mixed mode, sharing, tiered, compressed oops, compressed class ptrs, parallel gc, windows-amd64)
GC Precious Log:
 CardTable entry size: 512
 CPUs: 4 total, 4 available
 Memory: 4054M
 Large Page Support: Disabled
 NUMA Support: Disabled
 Compressed Oops: Enabled (32-bit)
 Alignments: Space 512K, Generation 512K, Heap 2M
 Heap Min Capacity: 100M
 Heap Initial Capacity: 100M
 Heap Max Capacity: 1G
 Pre-touch: Disabled
 Parallel Workers: 4
Heap:
 PSYoungGen      total 19456K, used 15544K [0x00000000eab00000, 0x00000000ec180000, 0x0000000100000000)
  eden space 18944K, 79% used [0x00000000eab00000,0x00000000eb9b6140,0x00000000ebd80000)
  from space 512K, 93% used [0x00000000ebf80000,0x00000000ebff8030,0x00000000ec000000)
  to   space 1536K, 0% used [0x00000000ec000000,0x00000000ec000000,0x00000000ec180000)
 ParOldGen       total 68608K, used 30495K [0x00000000c0000000, 0x00000000c4300000, 0x00000000eab00000)
  object space 68608K, 44% used [0x00000000c0000000,0x00000000c1dc7cc0,0x00000000c4300000)
 Metaspace       used 43514K, committed 44672K, reserved 1114112K
  class space    used 4352K, committed 4928K, reserved 1048576K
GC Heap History (20 events):
Event: 33.778 GC heap before
{Heap before GC invocations=16 (full 1):
 PSYoungGen      total 24064K, used 24004K [0x00000000eab00000, 0x00000000ec580000, 0x0000000100000000)
  eden space 22016K, 100% used [0x00000000eab00000,0x00000000ec080000,0x00000000ec080000)
  from space 2048K, 97% used [0x00000000ec380000,0x00000000ec571000,0x00000000ec580000)
  to   space 2560K, 0% used [0x00000000ec080000,0x00000000ec080000,0x00000000ec300000)
 ParOldGen       total 68608K, used 22317K [0x00000000c0000000, 0x00000000c4300000, 0x00000000eab00000)
  object space 68608K, 32% used [0x00000000c0000000,0x00000000c15cb758,0x00000000c4300000)
 Metaspace       used 33537K, committed 34496K, reserved 1114112K
  class space    used 3290K, committed 3712K, reserved 1048576K
}
Event: 33.785 GC heap after
{Heap after GC invocations=16 (full 1):
 PSYoungGen      total 24576K, used 2112K [0x00000000eab00000, 0x00000000ec580000, 0x0000000100000000)
  eden space 22016K, 0% used [0x00000000eab00000,0x00000000eab00000,0x00000000ec080000)
  from space 2560K, 82% used [0x00000000ec080000,0x00000000ec290010,0x00000000ec300000)
  to   space 2560K, 0% used [0x00000000ec300000,0x00000000ec300000,0x00000000ec580000)
 ParOldGen       total 68608K, used 24270K [0x00000000c0000000, 0x00000000c4300000, 0x00000000eab00000)
  object space 68608K, 35% used [0x00000000c0000000,0x00000000c17b3858,0x00000000c4300000)
 Metaspace       used 33537K, committed 34496K, reserved 1114112K
  class space    used 3290K, committed 3712K, reserved 1048576K
}
Event: 34.618 GC heap before
{Heap before GC invocations=17 (full 1):
 PSYoungGen      total 24576K, used 24128K [0x00000000eab00000, 0x00000000ec580000, 0x0000000100000000)
  eden space 22016K, 100% used [0x00000000eab00000,0x00000000ec080000,0x00000000ec080000)
  from space 2560K, 82% used [0x00000000ec080000,0x00000000ec290010,0x00000000ec300000)
  to   space 2560K, 0% used [0x00000000ec300000,0x00000000ec300000,0x00000000ec580000)
 ParOldGen       total 68608K, used 24270K [0x00000000c0000000, 0x00000000c4300000, 0x00000000eab00000)
  object space 68608K, 35% used [0x00000000c0000000,0x00000000c17b3858,0x00000000c4300000)
 Metaspace       used 33778K, committed 34688K, reserved 1114112K
  class space    used 3302K, committed 3712K, reserved 1048576K
}
Event: 34.625 GC heap after
{Heap after GC invocations=17 (full 1):
 PSYoungGen      total 21504K, used 2549K [0x00000000eab00000, 0x00000000ecb80000, 0x0000000100000000)
  eden space 18944K, 0% used [0x00000000eab00000,0x00000000eab00000,0x00000000ebd80000)
  from space 2560K, 99% used [0x00000000ec300000,0x00000000ec57d720,0x00000000ec580000)
  to   space 5632K, 0% used [0x00000000ebd80000,0x00000000ebd80000,0x00000000ec300000)
 ParOldGen       total 68608K, used 26506K [0x00000000c0000000, 0x00000000c4300000, 0x00000000eab00000)
  object space 68608K, 38% used [0x00000000c0000000,0x00000000c19e2888,0x00000000c4300000)
 Metaspace       used 33778K, committed 34688K, reserved 1114112K
  class space    used 3302K, committed 3712K, reserved 1048576K
}
Event: 35.200 GC heap before
{Heap before GC invocations=18 (full 1):
 PSYoungGen      total 21504K, used 21493K [0x00000000eab00000, 0x00000000ecb80000, 0x0000000100000000)
  eden space 18944K, 100% used [0x00000000eab00000,0x00000000ebd80000,0x00000000ebd80000)
  from space 2560K, 99% used [0x00000000ec300000,0x00000000ec57d720,0x00000000ec580000)
  to   space 5632K, 0% used [0x00000000ebd80000,0x00000000ebd80000,0x00000000ec300000)
 ParOldGen       total 68608K, used 26506K [0x00000000c0000000, 0x00000000c4300000, 0x00000000eab00000)
  object space 68608K, 38% used [0x00000000c0000000,0x00000000c19e2888,0x00000000c4300000)
 Metaspace       used 34889K, committed 35712K, reserved 1114112K
  class space    used 3452K, committed 3840K, reserved 1048576K
}
Event: 35.208 GC heap after
{Heap after GC invocations=18 (full 1):
 PSYoungGen      total 20480K, used 1152K [0x00000000eab00000, 0x00000000ec380000, 0x0000000100000000)
  eden space 18944K, 0% used [0x00000000eab00000,0x00000000eab00000,0x00000000ebd80000)
  from space 1536K, 75% used [0x00000000ebd80000,0x00000000ebea0000,0x00000000ebf00000)
  to   space 2560K, 0% used [0x00000000ec100000,0x00000000ec100000,0x00000000ec380000)
 ParOldGen       total 68608K, used 29007K [0x00000000c0000000, 0x00000000c4300000, 0x00000000eab00000)
  object space 68608K, 42% used [0x00000000c0000000,0x00000000c1c53fa8,0x00000000c4300000)
 Metaspace       used 34889K, committed 35712K, reserved 1114112K
  class space    used 3452K, committed 3840K, reserved 1048576K
}
Event: 35.227 GC heap before
{Heap before GC invocations=19 (full 1):
 PSYoungGen      total 20480K, used 1867K [0x00000000eab00000, 0x00000000ec380000, 0x0000000100000000)
  eden space 18944K, 3% used [0x00000000eab00000,0x00000000eabb2c70,0x00000000ebd80000)
  from space 1536K, 75% used [0x00000000ebd80000,0x00000000ebea0000,0x00000000ebf00000)
  to   space 2560K, 0% used [0x00000000ec100000,0x00000000ec100000,0x00000000ec380000)
 ParOldGen       total 68608K, used 29007K [0x00000000c0000000, 0x00000000c4300000, 0x00000000eab00000)
  object space 68608K, 42% used [0x00000000c0000000,0x00000000c1c53fa8,0x00000000c4300000)
 Metaspace       used 34960K, committed 35840K, reserved 1114112K
  class space    used 3472K, committed 3904K, reserved 1048576K
}
Event: 35.230 GC heap after
{Heap after GC invocations=19 (full 1):
 PSYoungGen      total 19456K, used 96K [0x00000000eab00000, 0x00000000ec180000, 0x0000000100000000)
  eden space 18944K, 0% used [0x00000000eab00000,0x00000000eab00000,0x00000000ebd80000)
  from space 512K, 18% used [0x00000000ec100000,0x00000000ec118000,0x00000000ec180000)
  to   space 1024K, 0% used [0x00000000ebf80000,0x00000000ebf80000,0x00000000ec080000)
 ParOldGen       total 68608K, used 30071K [0x00000000c0000000, 0x00000000c4300000, 0x00000000eab00000)
  object space 68608K, 43% used [0x00000000c0000000,0x00000000c1d5dca8,0x00000000c4300000)
 Metaspace       used 34960K, committed 35840K, reserved 1114112K
  class space    used 3472K, committed 3904K, reserved 1048576K
}
Event: 35.230 GC heap before
{Heap before GC invocations=20 (full 2):
 PSYoungGen      total 19456K, used 96K [0x00000000eab00000, 0x00000000ec180000, 0x0000000100000000)
  eden space 18944K, 0% used [0x00000000eab00000,0x00000000eab00000,0x00000000ebd80000)
  from space 512K, 18% used [0x00000000ec100000,0x00000000ec118000,0x00000000ec180000)
  to   space 1024K, 0% used [0x00000000ebf80000,0x00000000ebf80000,0x00000000ec080000)
 ParOldGen       total 68608K, used 30071K [0x00000000c0000000, 0x00000000c4300000, 0x00000000eab00000)
  object space 68608K, 43% used [0x00000000c0000000,0x00000000c1d5dca8,0x00000000c4300000)
 Metaspace       used 34960K, committed 35840K, reserved 1114112K
  class space    used 3472K, committed 3904K, reserved 1048576K
}
Event: 35.341 GC heap after
{Heap after GC invocations=20 (full 2):
 PSYoungGen      total 19456K, used 0K [0x00000000eab00000, 0x00000000ec180000, 0x0000000100000000)
  eden space 18944K, 0% used [0x00000000eab00000,0x00000000eab00000,0x00000000ebd80000)
  from space 512K, 0% used [0x00000000ec100000,0x00000000ec100000,0x00000000ec180000)
  to   space 1024K, 0% used [0x00000000ebf80000,0x00000000ebf80000,0x00000000ec080000)
 ParOldGen       total 68608K, used 28207K [0x00000000c0000000, 0x00000000c4300000, 0x00000000eab00000)
  object space 68608K, 41% used [0x00000000c0000000,0x00000000c1b8bc70,0x00000000c4300000)
 Metaspace       used 34960K, committed 35840K, reserved 1114112K
  class space    used 3472K, committed 3904K, reserved 1048576K
}
Event: 36.604 GC heap before
{Heap before GC invocations=21 (full 2):
 PSYoungGen      total 19456K, used 18944K [0x00000000eab00000, 0x00000000ec180000, 0x0000000100000000)
  eden space 18944K, 100% used [0x00000000eab00000,0x00000000ebd80000,0x00000000ebd80000)
  from space 512K, 0% used [0x00000000ec100000,0x00000000ec100000,0x00000000ec180000)
  to   space 1024K, 0% used [0x00000000ebf80000,0x00000000ebf80000,0x00000000ec080000)
 ParOldGen       total 68608K, used 28207K [0x00000000c0000000, 0x00000000c4300000, 0x00000000eab00000)
  object space 68608K, 41% used [0x00000000c0000000,0x00000000c1b8bc70,0x00000000c4300000)
 Metaspace       used 36202K, committed 37120K, reserved 1114112K
  class space    used 3631K, committed 4032K, reserved 1048576K
}
Event: 36.605 GC heap after
{Heap after GC invocations=21 (full 2):
 PSYoungGen      total 19968K, used 564K [0x00000000eab00000, 0x00000000ec180000, 0x0000000100000000)
  eden space 18944K, 0% used [0x00000000eab00000,0x00000000eab00000,0x00000000ebd80000)
  from space 1024K, 55% used [0x00000000ebf80000,0x00000000ec00d3c8,0x00000000ec080000)
  to   space 1024K, 0% used [0x00000000ec080000,0x00000000ec080000,0x00000000ec180000)
 ParOldGen       total 68608K, used 28215K [0x00000000c0000000, 0x00000000c4300000, 0x00000000eab00000)
  object space 68608K, 41% used [0x00000000c0000000,0x00000000c1b8dc70,0x00000000c4300000)
 Metaspace       used 36202K, committed 37120K, reserved 1114112K
  class space    used 3631K, committed 4032K, reserved 1048576K
}
Event: 38.528 GC heap before
{Heap before GC invocations=22 (full 2):
 PSYoungGen      total 19968K, used 19508K [0x00000000eab00000, 0x00000000ec180000, 0x0000000100000000)
  eden space 18944K, 100% used [0x00000000eab00000,0x00000000ebd80000,0x00000000ebd80000)
  from space 1024K, 55% used [0x00000000ebf80000,0x00000000ec00d3c8,0x00000000ec080000)
  to   space 1024K, 0% used [0x00000000ec080000,0x00000000ec080000,0x00000000ec180000)
 ParOldGen       total 68608K, used 28215K [0x00000000c0000000, 0x00000000c4300000, 0x00000000eab00000)
  object space 68608K, 41% used [0x00000000c0000000,0x00000000c1b8dc70,0x00000000c4300000)
 Metaspace       used 37620K, committed 38528K, reserved 1114112K
  class space    used 3755K, committed 4160K, reserved 1048576K
}
Event: 38.531 GC heap after
{Heap after GC invocations=22 (full 2):
 PSYoungGen      total 19968K, used 1015K [0x00000000eab00000, 0x00000000ec180000, 0x0000000100000000)
  eden space 18944K, 0% used [0x00000000eab00000,0x00000000eab00000,0x00000000ebd80000)
  from space 1024K, 99% used [0x00000000ec080000,0x00000000ec17df38,0x00000000ec180000)
  to   space 1536K, 0% used [0x00000000ebe80000,0x00000000ebe80000,0x00000000ec000000)
 ParOldGen       total 68608K, used 28692K [0x00000000c0000000, 0x00000000c4300000, 0x00000000eab00000)
  object space 68608K, 41% used [0x00000000c0000000,0x00000000c1c051c8,0x00000000c4300000)
 Metaspace       used 37620K, committed 38528K, reserved 1114112K
  class space    used 3755K, committed 4160K, reserved 1048576K
}
Event: 39.576 GC heap before
{Heap before GC invocations=23 (full 2):
 PSYoungGen      total 19968K, used 19959K [0x00000000eab00000, 0x00000000ec180000, 0x0000000100000000)
  eden space 18944K, 100% used [0x00000000eab00000,0x00000000ebd80000,0x00000000ebd80000)
  from space 1024K, 99% used [0x00000000ec080000,0x00000000ec17df38,0x00000000ec180000)
  to   space 1536K, 0% used [0x00000000ebe80000,0x00000000ebe80000,0x00000000ec000000)
 ParOldGen       total 68608K, used 28692K [0x00000000c0000000, 0x00000000c4300000, 0x00000000eab00000)
  object space 68608K, 41% used [0x00000000c0000000,0x00000000c1c051c8,0x00000000c4300000)
 Metaspace       used 37654K, committed 38592K, reserved 1114112K
  class space    used 3755K, committed 4160K, reserved 1048576K
}
Event: 39.581 GC heap after
{Heap after GC invocations=23 (full 2):
 PSYoungGen      total 20480K, used 905K [0x00000000eab00000, 0x00000000ec100000, 0x0000000100000000)
  eden space 18944K, 0% used [0x00000000eab00000,0x00000000eab00000,0x00000000ebd80000)
  from space 1536K, 58% used [0x00000000ebe80000,0x00000000ebf624d8,0x00000000ec000000)
  to   space 1024K, 0% used [0x00000000ec000000,0x00000000ec000000,0x00000000ec100000)
 ParOldGen       total 68608K, used 29361K [0x00000000c0000000, 0x00000000c4300000, 0x00000000eab00000)
  object space 68608K, 42% used [0x00000000c0000000,0x00000000c1cac508,0x00000000c4300000)
 Metaspace       used 37654K, committed 38592K, reserved 1114112K
  class space    used 3755K, committed 4160K, reserved 1048576K
}
Event: 40.482 GC heap before
{Heap before GC invocations=24 (full 2):
 PSYoungGen      total 20480K, used 19849K [0x00000000eab00000, 0x00000000ec100000, 0x0000000100000000)
  eden space 18944K, 100% used [0x00000000eab00000,0x00000000ebd80000,0x00000000ebd80000)
  from space 1536K, 58% used [0x00000000ebe80000,0x00000000ebf624d8,0x00000000ec000000)
  to   space 1024K, 0% used [0x00000000ec000000,0x00000000ec000000,0x00000000ec100000)
 ParOldGen       total 68608K, used 29361K [0x00000000c0000000, 0x00000000c4300000, 0x00000000eab00000)
  object space 68608K, 42% used [0x00000000c0000000,0x00000000c1cac508,0x00000000c4300000)
 Metaspace       used 38712K, committed 39680K, reserved 1114112K
  class space    used 3851K, committed 4288K, reserved 1048576K
}
Event: 40.483 GC heap after
{Heap after GC invocations=24 (full 2):
 PSYoungGen      total 19456K, used 128K [0x00000000eab00000, 0x00000000ec080000, 0x0000000100000000)
  eden space 18944K, 0% used [0x00000000eab00000,0x00000000eab00000,0x00000000ebd80000)
  from space 512K, 25% used [0x00000000ec000000,0x00000000ec020000,0x00000000ec080000)
  to   space 512K, 0% used [0x00000000ebf80000,0x00000000ebf80000,0x00000000ec000000)
 ParOldGen       total 68608K, used 29377K [0x00000000c0000000, 0x00000000c4300000, 0x00000000eab00000)
  object space 68608K, 42% used [0x00000000c0000000,0x00000000c1cb0508,0x00000000c4300000)
 Metaspace       used 38712K, committed 39680K, reserved 1114112K
  class space    used 3851K, committed 4288K, reserved 1048576K
}
Event: 42.110 GC heap before
{Heap before GC invocations=25 (full 2):
 PSYoungGen      total 19456K, used 19072K [0x00000000eab00000, 0x00000000ec080000, 0x0000000100000000)
  eden space 18944K, 100% used [0x00000000eab00000,0x00000000ebd80000,0x00000000ebd80000)
  from space 512K, 25% used [0x00000000ec000000,0x00000000ec020000,0x00000000ec080000)
  to   space 512K, 0% used [0x00000000ebf80000,0x00000000ebf80000,0x00000000ec000000)
 ParOldGen       total 68608K, used 29377K [0x00000000c0000000, 0x00000000c4300000, 0x00000000eab00000)
  object space 68608K, 42% used [0x00000000c0000000,0x00000000c1cb0508,0x00000000c4300000)
 Metaspace       used 41645K, committed 42688K, reserved 1114112K
  class space    used 4110K, committed 4608K, reserved 1048576K
}
Event: 42.115 GC heap after
{Heap after GC invocations=25 (full 2):
 PSYoungGen      total 19456K, used 480K [0x00000000eab00000, 0x00000000ec180000, 0x0000000100000000)
  eden space 18944K, 0% used [0x00000000eab00000,0x00000000eab00000,0x00000000ebd80000)
  from space 512K, 93% used [0x00000000ebf80000,0x00000000ebff8030,0x00000000ec000000)
  to   space 1536K, 0% used [0x00000000ec000000,0x00000000ec000000,0x00000000ec180000)
 ParOldGen       total 68608K, used 30495K [0x00000000c0000000, 0x00000000c4300000, 0x00000000eab00000)
  object space 68608K, 44% used [0x00000000c0000000,0x00000000c1dc7cc0,0x00000000c4300000)
 Metaspace       used 41645K, committed 42688K, reserved 1114112K
  class space    used 4110K, committed 4608K, reserved 1048576K
}

