# JRE version: OpenJDK Runtime Environment Temurin-21.0.7+6 (21.0.7+6) (build 21.0.7+6-LTS)
# Java VM: OpenJDK 64-Bit Server VM Temurin-21.0.7+6 (21.0.7+6-LTS, mixed mode, sharing, tiered, compressed oops, compressed class ptrs, parallel gc, windows-amd64)
GC Precious Log:
 CardTable entry size: 512
 CPUs: 4 total, 4 available
 Memory: 4054M
 Large Page Support: Disabled
 NUMA Support: Disabled
 Compressed Oops: Enabled (32-bit)
 Alignments: Space 512K, Generation 512K, Heap 2M
 Heap Min Capacity: 100M
 Heap Initial Capacity: 100M
 Heap Max Capacity: 1G
 Pre-touch: Disabled
 Parallel Workers: 4
Heap:
 PSYoungGen      total 24064K, used 5551K [0x00000000eab00000, 0x00000000ec600000, 0x0000000100000000)
  eden space 22016K, 16% used [0x00000000eab00000,0x00000000eae94d58,0x00000000ec080000)
  from space 2048K, 92% used [0x00000000ec280000,0x00000000ec4571d0,0x00000000ec480000)
  to   space 1536K, 0% used [0x00000000ec480000,0x00000000ec480000,0x00000000ec600000)
 ParOldGen       total 68608K, used 20145K [0x00000000c0000000, 0x00000000c4300000, 0x00000000eab00000)
  object space 68608K, 29% used [0x00000000c0000000,0x00000000c13ac530,0x00000000c4300000)
 Metaspace       used 40562K, committed 41728K, reserved 1114112K
  class space    used 4205K, committed 4672K, reserved 1048576K
GC Heap History (20 events):
Event: 34.808 GC heap before
{Heap before GC invocations=9 (full 1):
 PSYoungGen      total 28672K, used 4599K [0x00000000eab00000, 0x00000000ece80000, 0x0000000100000000)
  eden space 24064K, 0% used [0x00000000eab00000,0x00000000eab00000,0x00000000ec280000)
  from space 4608K, 99% used [0x00000000ec900000,0x00000000ecd7dd78,0x00000000ecd80000)
  to   space 6144K, 0% used [0x00000000ec280000,0x00000000ec280000,0x00000000ec880000)
 ParOldGen       total 68608K, used 13500K [0x00000000c0000000, 0x00000000c4300000, 0x00000000eab00000)
  object space 68608K, 19% used [0x00000000c0000000,0x00000000c0d2f380,0x00000000c4300000)
 Metaspace       used 20731K, committed 21504K, reserved 1114112K
  class space    used 2054K, committed 2368K, reserved 1048576K
}
Event: 34.877 GC heap after
{Heap after GC invocations=9 (full 1):
 PSYoungGen      total 28672K, used 0K [0x00000000eab00000, 0x00000000ece80000, 0x0000000100000000)
  eden space 24064K, 0% used [0x00000000eab00000,0x00000000eab00000,0x00000000ec280000)
  from space 4608K, 0% used [0x00000000ec900000,0x00000000ec900000,0x00000000ecd80000)
  to   space 6144K, 0% used [0x00000000ec280000,0x00000000ec280000,0x00000000ec880000)
 ParOldGen       total 68608K, used 13039K [0x00000000c0000000, 0x00000000c4300000, 0x00000000eab00000)
  object space 68608K, 19% used [0x00000000c0000000,0x00000000c0cbbf60,0x00000000c4300000)
 Metaspace       used 20718K, committed 21504K, reserved 1114112K
  class space    used 2050K, committed 2368K, reserved 1048576K
}
Event: 35.448 GC heap before
{Heap before GC invocations=10 (full 1):
 PSYoungGen      total 28672K, used 24064K [0x00000000eab00000, 0x00000000ece80000, 0x0000000100000000)
  eden space 24064K, 100% used [0x00000000eab00000,0x00000000ec280000,0x00000000ec280000)
  from space 4608K, 0% used [0x00000000ec900000,0x00000000ec900000,0x00000000ecd80000)
  to   space 6144K, 0% used [0x00000000ec280000,0x00000000ec280000,0x00000000ec880000)
 ParOldGen       total 68608K, used 13039K [0x00000000c0000000, 0x00000000c4300000, 0x00000000eab00000)
  object space 68608K, 19% used [0x00000000c0000000,0x00000000c0cbbf60,0x00000000c4300000)
 Metaspace       used 23204K, committed 24000K, reserved 1114112K
  class space    used 2206K, committed 2496K, reserved 1048576K
}
Event: 35.450 GC heap after
{Heap after GC invocations=10 (full 1):
 PSYoungGen      total 24064K, used 372K [0x00000000eab00000, 0x00000000ec980000, 0x0000000100000000)
  eden space 23552K, 0% used [0x00000000eab00000,0x00000000eab00000,0x00000000ec200000)
  from space 512K, 72% used [0x00000000ec280000,0x00000000ec2dd0c8,0x00000000ec300000)
  to   space 2560K, 0% used [0x00000000ec700000,0x00000000ec700000,0x00000000ec980000)
 ParOldGen       total 68608K, used 13047K [0x00000000c0000000, 0x00000000c4300000, 0x00000000eab00000)
  object space 68608K, 19% used [0x00000000c0000000,0x00000000c0cbdf60,0x00000000c4300000)
 Metaspace       used 23204K, committed 24000K, reserved 1114112K
  class space    used 2206K, committed 2496K, reserved 1048576K
}
Event: 35.973 GC heap before
{Heap before GC invocations=11 (full 1):
 PSYoungGen      total 24064K, used 23669K [0x00000000eab00000, 0x00000000ec980000, 0x0000000100000000)
  eden space 23552K, 98% used [0x00000000eab00000,0x00000000ec1c04f8,0x00000000ec200000)
  from space 512K, 72% used [0x00000000ec280000,0x00000000ec2dd0c8,0x00000000ec300000)
  to   space 2560K, 0% used [0x00000000ec700000,0x00000000ec700000,0x00000000ec980000)
 ParOldGen       total 68608K, used 13047K [0x00000000c0000000, 0x00000000c4300000, 0x00000000eab00000)
  object space 68608K, 19% used [0x00000000c0000000,0x00000000c0cbdf60,0x00000000c4300000)
 Metaspace       used 26458K, committed 27328K, reserved 1114112K
  class space    used 2534K, committed 2880K, reserved 1048576K
}
Event: 35.975 GC heap after
{Heap after GC invocations=11 (full 1):
 PSYoungGen      total 24064K, used 622K [0x00000000eab00000, 0x00000000ec800000, 0x0000000100000000)
  eden space 23040K, 0% used [0x00000000eab00000,0x00000000eab00000,0x00000000ec180000)
  from space 1024K, 60% used [0x00000000ec700000,0x00000000ec79b890,0x00000000ec800000)
  to   space 1024K, 0% used [0x00000000ec600000,0x00000000ec600000,0x00000000ec700000)
 ParOldGen       total 68608K, used 13055K [0x00000000c0000000, 0x00000000c4300000, 0x00000000eab00000)
  object space 68608K, 19% used [0x00000000c0000000,0x00000000c0cbff60,0x00000000c4300000)
 Metaspace       used 26458K, committed 27328K, reserved 1114112K
  class space    used 2534K, committed 2880K, reserved 1048576K
}
Event: 36.152 GC heap before
{Heap before GC invocations=12 (full 1):
 PSYoungGen      total 24064K, used 23662K [0x00000000eab00000, 0x00000000ec800000, 0x0000000100000000)
  eden space 23040K, 100% used [0x00000000eab00000,0x00000000ec180000,0x00000000ec180000)
  from space 1024K, 60% used [0x00000000ec700000,0x00000000ec79b890,0x00000000ec800000)
  to   space 1024K, 0% used [0x00000000ec600000,0x00000000ec600000,0x00000000ec700000)
 ParOldGen       total 68608K, used 13055K [0x00000000c0000000, 0x00000000c4300000, 0x00000000eab00000)
  object space 68608K, 19% used [0x00000000c0000000,0x00000000c0cbff60,0x00000000c4300000)
 Metaspace       used 27916K, committed 28800K, reserved 1114112K
  class space    used 2697K, committed 3072K, reserved 1048576K
}
Event: 36.155 GC heap after
{Heap after GC invocations=12 (full 1):
 PSYoungGen      total 23552K, used 320K [0x00000000eab00000, 0x00000000ec780000, 0x0000000100000000)
  eden space 22528K, 0% used [0x00000000eab00000,0x00000000eab00000,0x00000000ec100000)
  from space 1024K, 31% used [0x00000000ec600000,0x00000000ec650000,0x00000000ec700000)
  to   space 512K, 0% used [0x00000000ec700000,0x00000000ec700000,0x00000000ec780000)
 ParOldGen       total 68608K, used 15112K [0x00000000c0000000, 0x00000000c4300000, 0x00000000eab00000)
  object space 68608K, 22% used [0x00000000c0000000,0x00000000c0ec2160,0x00000000c4300000)
 Metaspace       used 27916K, committed 28800K, reserved 1114112K
  class space    used 2697K, committed 3072K, reserved 1048576K
}
Event: 36.933 GC heap before
{Heap before GC invocations=13 (full 1):
 PSYoungGen      total 23552K, used 22840K [0x00000000eab00000, 0x00000000ec780000, 0x0000000100000000)
  eden space 22528K, 99% used [0x00000000eab00000,0x00000000ec0fe3f8,0x00000000ec100000)
  from space 1024K, 31% used [0x00000000ec600000,0x00000000ec650000,0x00000000ec700000)
  to   space 512K, 0% used [0x00000000ec700000,0x00000000ec700000,0x00000000ec780000)
 ParOldGen       total 68608K, used 15112K [0x00000000c0000000, 0x00000000c4300000, 0x00000000eab00000)
  object space 68608K, 22% used [0x00000000c0000000,0x00000000c0ec2160,0x00000000c4300000)
 Metaspace       used 29679K, committed 30528K, reserved 1114112K
  class space    used 2915K, committed 3264K, reserved 1048576K
}
Event: 36.936 GC heap after
{Heap after GC invocations=13 (full 1):
 PSYoungGen      total 22528K, used 495K [0x00000000eab00000, 0x00000000ec780000, 0x0000000100000000)
  eden space 22016K, 0% used [0x00000000eab00000,0x00000000eab00000,0x00000000ec080000)
  from space 512K, 96% used [0x00000000ec700000,0x00000000ec77bcd0,0x00000000ec780000)
  to   space 1536K, 0% used [0x00000000ec480000,0x00000000ec480000,0x00000000ec600000)
 ParOldGen       total 68608K, used 15864K [0x00000000c0000000, 0x00000000c4300000, 0x00000000eab00000)
  object space 68608K, 23% used [0x00000000c0000000,0x00000000c0f7e1a0,0x00000000c4300000)
 Metaspace       used 29679K, committed 30528K, reserved 1114112K
  class space    used 2915K, committed 3264K, reserved 1048576K
}
Event: 37.776 GC heap before
{Heap before GC invocations=14 (full 1):
 PSYoungGen      total 22528K, used 22511K [0x00000000eab00000, 0x00000000ec780000, 0x0000000100000000)
  eden space 22016K, 100% used [0x00000000eab00000,0x00000000ec080000,0x00000000ec080000)
  from space 512K, 96% used [0x00000000ec700000,0x00000000ec77bcd0,0x00000000ec780000)
  to   space 1536K, 0% used [0x00000000ec480000,0x00000000ec480000,0x00000000ec600000)
 ParOldGen       total 68608K, used 15866K [0x00000000c0000000, 0x00000000c4300000, 0x00000000eab00000)
  object space 68608K, 23% used [0x00000000c0000000,0x00000000c0f7ebb8,0x00000000c4300000)
 Metaspace       used 32373K, committed 33280K, reserved 1114112K
  class space    used 3208K, committed 3584K, reserved 1048576K
}
Event: 37.779 GC heap after
{Heap after GC invocations=14 (full 1):
 PSYoungGen      total 23552K, used 938K [0x00000000eab00000, 0x00000000ec780000, 0x0000000100000000)
  eden space 22016K, 0% used [0x00000000eab00000,0x00000000eab00000,0x00000000ec080000)
  from space 1536K, 61% used [0x00000000ec480000,0x00000000ec56a8e0,0x00000000ec600000)
  to   space 1536K, 0% used [0x00000000ec600000,0x00000000ec600000,0x00000000ec780000)
 ParOldGen       total 68608K, used 16351K [0x00000000c0000000, 0x00000000c4300000, 0x00000000eab00000)
  object space 68608K, 23% used [0x00000000c0000000,0x00000000c0ff7e40,0x00000000c4300000)
 Metaspace       used 32373K, committed 33280K, reserved 1114112K
  class space    used 3208K, committed 3584K, reserved 1048576K
}
Event: 39.214 GC heap before
{Heap before GC invocations=15 (full 1):
 PSYoungGen      total 23552K, used 19746K [0x00000000eab00000, 0x00000000ec780000, 0x0000000100000000)
  eden space 22016K, 85% used [0x00000000eab00000,0x00000000ebd5e148,0x00000000ec080000)
  from space 1536K, 61% used [0x00000000ec480000,0x00000000ec56a8e0,0x00000000ec600000)
  to   space 1536K, 0% used [0x00000000ec600000,0x00000000ec600000,0x00000000ec780000)
 ParOldGen       total 68608K, used 16351K [0x00000000c0000000, 0x00000000c4300000, 0x00000000eab00000)
  object space 68608K, 23% used [0x00000000c0000000,0x00000000c0ff7e40,0x00000000c4300000)
 Metaspace       used 34884K, committed 35904K, reserved 1114112K
  class space    used 3512K, committed 3904K, reserved 1048576K
}
Event: 39.220 GC heap after
{Heap after GC invocations=15 (full 1):
 PSYoungGen      total 23040K, used 931K [0x00000000eab00000, 0x00000000ec700000, 0x0000000100000000)
  eden space 22016K, 0% used [0x00000000eab00000,0x00000000eab00000,0x00000000ec080000)
  from space 1024K, 90% used [0x00000000ec600000,0x00000000ec6e8f40,0x00000000ec700000)
  to   space 1024K, 0% used [0x00000000ec500000,0x00000000ec500000,0x00000000ec600000)
 ParOldGen       total 68608K, used 17093K [0x00000000c0000000, 0x00000000c4300000, 0x00000000eab00000)
  object space 68608K, 24% used [0x00000000c0000000,0x00000000c10b1750,0x00000000c4300000)
 Metaspace       used 34884K, committed 35904K, reserved 1114112K
  class space    used 3512K, committed 3904K, reserved 1048576K
}
Event: 39.492 GC heap before
{Heap before GC invocations=16 (full 1):
 PSYoungGen      total 23040K, used 3817K [0x00000000eab00000, 0x00000000ec700000, 0x0000000100000000)
  eden space 22016K, 13% used [0x00000000eab00000,0x00000000eadd1640,0x00000000ec080000)
  from space 1024K, 90% used [0x00000000ec600000,0x00000000ec6e8f40,0x00000000ec700000)
  to   space 1024K, 0% used [0x00000000ec500000,0x00000000ec500000,0x00000000ec600000)
 ParOldGen       total 68608K, used 17093K [0x00000000c0000000, 0x00000000c4300000, 0x00000000eab00000)
  object space 68608K, 24% used [0x00000000c0000000,0x00000000c10b1750,0x00000000c4300000)
 Metaspace       used 35177K, committed 36160K, reserved 1114112K
  class space    used 3552K, committed 3904K, reserved 1048576K
}
Event: 39.494 GC heap after
{Heap after GC invocations=16 (full 1):
 PSYoungGen      total 22528K, used 362K [0x00000000eab00000, 0x00000000ec680000, 0x0000000100000000)
  eden space 22016K, 0% used [0x00000000eab00000,0x00000000eab00000,0x00000000ec080000)
  from space 512K, 70% used [0x00000000ec500000,0x00000000ec55aa50,0x00000000ec580000)
  to   space 1024K, 0% used [0x00000000ec580000,0x00000000ec580000,0x00000000ec680000)
 ParOldGen       total 68608K, used 17883K [0x00000000c0000000, 0x00000000c4300000, 0x00000000eab00000)
  object space 68608K, 26% used [0x00000000c0000000,0x00000000c1176fe8,0x00000000c4300000)
 Metaspace       used 35177K, committed 36160K, reserved 1114112K
  class space    used 3552K, committed 3904K, reserved 1048576K
}
Event: 39.494 GC heap before
{Heap before GC invocations=17 (full 2):
 PSYoungGen      total 22528K, used 362K [0x00000000eab00000, 0x00000000ec680000, 0x0000000100000000)
  eden space 22016K, 0% used [0x00000000eab00000,0x00000000eab00000,0x00000000ec080000)
  from space 512K, 70% used [0x00000000ec500000,0x00000000ec55aa50,0x00000000ec580000)
  to   space 1024K, 0% used [0x00000000ec580000,0x00000000ec580000,0x00000000ec680000)
 ParOldGen       total 68608K, used 17883K [0x00000000c0000000, 0x00000000c4300000, 0x00000000eab00000)
  object space 68608K, 26% used [0x00000000c0000000,0x00000000c1176fe8,0x00000000c4300000)
 Metaspace       used 35177K, committed 36160K, reserved 1114112K
  class space    used 3552K, committed 3904K, reserved 1048576K
}
Event: 39.548 GC heap after
{Heap after GC invocations=17 (full 2):
 PSYoungGen      total 22528K, used 0K [0x00000000eab00000, 0x00000000ec680000, 0x0000000100000000)
  eden space 22016K, 0% used [0x00000000eab00000,0x00000000eab00000,0x00000000ec080000)
  from space 512K, 0% used [0x00000000ec500000,0x00000000ec500000,0x00000000ec580000)
  to   space 1024K, 0% used [0x00000000ec580000,0x00000000ec580000,0x00000000ec680000)
 ParOldGen       total 68608K, used 17369K [0x00000000c0000000, 0x00000000c4300000, 0x00000000eab00000)
  object space 68608K, 25% used [0x00000000c0000000,0x00000000c10f6438,0x00000000c4300000)
 Metaspace       used 35177K, committed 36160K, reserved 1114112K
  class space    used 3552K, committed 3904K, reserved 1048576K
}
Event: 40.506 GC heap before
{Heap before GC invocations=18 (full 2):
 PSYoungGen      total 22528K, used 22015K [0x00000000eab00000, 0x00000000ec680000, 0x0000000100000000)
  eden space 22016K, 99% used [0x00000000eab00000,0x00000000ec07ffc8,0x00000000ec080000)
  from space 512K, 0% used [0x00000000ec500000,0x00000000ec500000,0x00000000ec580000)
  to   space 1024K, 0% used [0x00000000ec580000,0x00000000ec580000,0x00000000ec680000)
 ParOldGen       total 68608K, used 17369K [0x00000000c0000000, 0x00000000c4300000, 0x00000000eab00000)
  object space 68608K, 25% used [0x00000000c0000000,0x00000000c10f6438,0x00000000c4300000)
 Metaspace       used 37965K, committed 39040K, reserved 1114112K
  class space    used 3895K, committed 4288K, reserved 1048576K
}
Event: 40.509 GC heap after
{Heap after GC invocations=18 (full 2):
 PSYoungGen      total 23040K, used 1009K [0x00000000eab00000, 0x00000000ec680000, 0x0000000100000000)
  eden space 22016K, 0% used [0x00000000eab00000,0x00000000eab00000,0x00000000ec080000)
  from space 1024K, 98% used [0x00000000ec580000,0x00000000ec67c458,0x00000000ec680000)
  to   space 2048K, 0% used [0x00000000ec280000,0x00000000ec280000,0x00000000ec480000)
 ParOldGen       total 68608K, used 17771K [0x00000000c0000000, 0x00000000c4300000, 0x00000000eab00000)
  object space 68608K, 25% used [0x00000000c0000000,0x00000000c115afb0,0x00000000c4300000)
 Metaspace       used 37965K, committed 39040K, reserved 1114112K
  class space    used 3895K, committed 4288K, reserved 1048576K
}

